[debug] [2018-02-02T08:03:26.337Z] ----------------------------------------------------------------------
[debug] [2018-02-02T08:03:26.337Z] Command:       C:\Program Files\nodejs\node.exe C:\Users\Mansi\AppData\Roaming\npm\node_modules\firebase-tools\bin\firebase serve
[debug] [2018-02-02T08:03:26.337Z] CLI Version:   3.17.4
[debug] [2018-02-02T08:03:26.337Z] Platform:      win32
[debug] [2018-02-02T08:03:26.337Z] Node Version:  v8.9.4
[debug] [2018-02-02T08:03:26.355Z] Time:          Fri Feb 02 2018 13:33:26 GMT+0530 (India Standard Time)
[debug] [2018-02-02T08:03:26.355Z] ----------------------------------------------------------------------
[debug] 
[debug] [2018-02-02T08:03:26.390Z] > command requires scopes: ["email","openid","https://www.googleapis.com/auth/cloudplatformprojects.readonly","https://www.googleapis.com/auth/firebase","https://www.googleapis.com/auth/cloud-platform"]
[debug] [2018-02-02T08:03:26.390Z] > authorizing via signed-in user
[debug] [2018-02-02T08:03:26.406Z] > refreshing access token with scopes: ["email","https://www.googleapis.com/auth/cloud-platform","https://www.googleapis.com/auth/cloudplatformprojects.readonly","https://www.googleapis.com/auth/firebase","openid"]
[debug] [2018-02-02T08:03:26.406Z] >>> HTTP REQUEST POST https://www.googleapis.com/oauth2/v3/token  
 { refresh_token: '1/kWcjOtLiggR7WN7ePTstFW77tPU7koCRPYvGg89pyhg',
  client_id: '563584335869-fgrhgmd47bqnekij5i8b5pr03ho849e6.apps.googleusercontent.com',
  client_secret: 'j9iVZfS8kkCEFUPaAeJV0sAi',
  grant_type: 'refresh_token',
  scope: 'email https://www.googleapis.com/auth/cloud-platform https://www.googleapis.com/auth/cloudplatformprojects.readonly https://www.googleapis.com/auth/firebase openid' } 
 Fri Feb 02 2018 13:33:26 GMT+0530 (India Standard Time)
[debug] [2018-02-02T08:03:27.193Z] <<< HTTP RESPONSE 200
[debug] [2018-02-02T08:03:27.262Z] >>> HTTP REQUEST GET https://admin.firebase.com/v1/projects/friendly-chat-78018  
  
 Fri Feb 02 2018 13:33:27 GMT+0530 (India Standard Time)
[debug] [2018-02-02T08:03:29.857Z] <<< HTTP RESPONSE 200
[debug] [2018-02-02T08:03:29.857Z] >>> HTTP REQUEST GET https://admin.firebase.com/v1/database/friendly-chat-78018/tokens  
  
 Fri Feb 02 2018 13:33:29 GMT+0530 (India Standard Time)
[debug] [2018-02-02T08:03:31.099Z] <<< HTTP RESPONSE 200
[info] 
[info] === Serving from 'E:\friendlychat-web-master'...
[info] 
[debug] [2018-02-02T08:03:31.115Z] >>> HTTP REQUEST GET https://cloudresourcemanager.googleapis.com/v1/projects/friendly-chat-78018  
  
 Fri Feb 02 2018 13:33:31 GMT+0530 (India Standard Time)
[debug] [2018-02-02T08:03:33.475Z] <<< HTTP RESPONSE 200
[debug] [2018-02-02T08:03:33.475Z] >>> HTTP REQUEST GET https://mobilesdk-pa.googleapis.com/v1/projects/805924757462/clients/_:getWebAppConfig  
  
 Fri Feb 02 2018 13:33:33 GMT+0530 (India Standard Time)
[debug] [2018-02-02T08:03:34.890Z] <<< HTTP RESPONSE 200
[warn] !  hosting: Port 5000 is not available. Trying another port...
[debug] [2018-02-02T08:03:34.959Z] >>> HTTP REQUEST GET https://cloudresourcemanager.googleapis.com/v1/projects/friendly-chat-78018  
  
 Fri Feb 02 2018 13:33:34 GMT+0530 (India Standard Time)
[debug] [2018-02-02T08:03:36.723Z] <<< HTTP RESPONSE 200
[debug] [2018-02-02T08:03:36.723Z] >>> HTTP REQUEST GET https://mobilesdk-pa.googleapis.com/v1/projects/805924757462/clients/_:getWebAppConfig  
  
 Fri Feb 02 2018 13:33:36 GMT+0530 (India Standard Time)
[debug] [2018-02-02T08:03:37.845Z] <<< HTTP RESPONSE 200
[warn] !  hosting: Port 5004 is not available. Trying another port...
[debug] [2018-02-02T08:03:37.860Z] >>> HTTP REQUEST GET https://cloudresourcemanager.googleapis.com/v1/projects/friendly-chat-78018  
  
 Fri Feb 02 2018 13:33:37 GMT+0530 (India Standard Time)
[debug] [2018-02-02T08:03:39.793Z] <<< HTTP RESPONSE 200
[debug] [2018-02-02T08:03:39.793Z] >>> HTTP REQUEST GET https://mobilesdk-pa.googleapis.com/v1/projects/805924757462/clients/_:getWebAppConfig  
  
 Fri Feb 02 2018 13:33:39 GMT+0530 (India Standard Time)
[debug] [2018-02-02T08:03:40.780Z] <<< HTTP RESPONSE 200
[info] i  hosting: Serving hosting files from: public
[info] +  hosting: Local server: http://localhost:5008

